<?xml version="1.0" encoding="UTF-8"?>
<testsuite xmlns:xsi="http://www.w3.org/2001/XMLSchema-instance" xsi:noNamespaceSchemaLocation="https://maven.apache.org/surefire/maven-surefire-plugin/xsd/surefire-test-report-3.0.xsd" version="3.0" name="com.kingshuk.junit5.MathUtilsTest$AddTest" time="0.005" tests="9" errors="0" skipped="2" failures="0">
  <properties>
    <property name="gopherProxySet" value="false"/>
    <property name="awt.toolkit" value="sun.lwawt.macosx.LWCToolkit"/>
    <property name="file.encoding.pkg" value="sun.io"/>
    <property name="java.specification.version" value="1.8"/>
    <property name="sun.cpu.isalist" value=""/>
    <property name="sun.jnu.encoding" value="UTF-8"/>
    <property name="java.class.path" value="/Users/kingahuksaha/Documents/workspace-spring-tool-suite-4-4.4.2.RELEASE/junit-5-basics/target/test-classes:/Users/kingahuksaha/Documents/workspace-spring-tool-suite-4-4.4.2.RELEASE/junit-5-basics/target/classes:/Users/kingahuksaha/.m2/repository/org/junit/jupiter/junit-jupiter-engine/5.6.2/junit-jupiter-engine-5.6.2.jar:/Users/kingahuksaha/.m2/repository/org/apiguardian/apiguardian-api/1.1.0/apiguardian-api-1.1.0.jar:/Users/kingahuksaha/.m2/repository/org/junit/platform/junit-platform-engine/1.6.2/junit-platform-engine-1.6.2.jar:/Users/kingahuksaha/.m2/repository/org/junit/jupiter/junit-jupiter-api/5.6.2/junit-jupiter-api-5.6.2.jar:/Users/kingahuksaha/.m2/repository/org/opentest4j/opentest4j/1.2.0/opentest4j-1.2.0.jar:/Users/kingahuksaha/.m2/repository/org/junit/platform/junit-platform-commons/1.6.2/junit-platform-commons-1.6.2.jar:"/>
    <property name="java.vm.vendor" value="Oracle Corporation"/>
    <property name="sun.arch.data.model" value="64"/>
    <property name="java.vendor.url" value="http://java.oracle.com/"/>
    <property name="user.timezone" value=""/>
    <property name="java.vm.specification.version" value="1.8"/>
    <property name="os.name" value="Mac OS X"/>
    <property name="user.country" value="IN"/>
    <property name="sun.java.launcher" value="SUN_STANDARD"/>
    <property name="sun.boot.library.path" value="/Library/Java/JavaVirtualMachines/jdk1.8.0_231.jdk/Contents/Home/jre/lib"/>
    <property name="sun.java.command" value="/Users/kingahuksaha/Documents/workspace-spring-tool-suite-4-4.4.2.RELEASE/junit-5-basics/target/surefire/surefirebooter8428290283952089503.jar /Users/kingahuksaha/Documents/workspace-spring-tool-suite-4-4.4.2.RELEASE/junit-5-basics/target/surefire 2020-06-26T09-13-05_976-jvmRun1 surefire7469122518283527186tmp surefire_02859287194213768088tmp"/>
    <property name="http.nonProxyHosts" value="local|*.local|169.254/16|*.169.254/16"/>
    <property name="surefire.test.class.path" value="/Users/kingahuksaha/Documents/workspace-spring-tool-suite-4-4.4.2.RELEASE/junit-5-basics/target/test-classes:/Users/kingahuksaha/Documents/workspace-spring-tool-suite-4-4.4.2.RELEASE/junit-5-basics/target/classes:/Users/kingahuksaha/.m2/repository/org/junit/jupiter/junit-jupiter-engine/5.6.2/junit-jupiter-engine-5.6.2.jar:/Users/kingahuksaha/.m2/repository/org/apiguardian/apiguardian-api/1.1.0/apiguardian-api-1.1.0.jar:/Users/kingahuksaha/.m2/repository/org/junit/platform/junit-platform-engine/1.6.2/junit-platform-engine-1.6.2.jar:/Users/kingahuksaha/.m2/repository/org/junit/jupiter/junit-jupiter-api/5.6.2/junit-jupiter-api-5.6.2.jar:/Users/kingahuksaha/.m2/repository/org/opentest4j/opentest4j/1.2.0/opentest4j-1.2.0.jar:/Users/kingahuksaha/.m2/repository/org/junit/platform/junit-platform-commons/1.6.2/junit-platform-commons-1.6.2.jar:"/>
    <property name="sun.cpu.endian" value="little"/>
    <property name="user.home" value="/Users/kingahuksaha"/>
    <property name="user.language" value="en"/>
    <property name="java.specification.vendor" value="Oracle Corporation"/>
    <property name="java.home" value="/Library/Java/JavaVirtualMachines/jdk1.8.0_231.jdk/Contents/Home/jre"/>
    <property name="basedir" value="/Users/kingahuksaha/Documents/workspace-spring-tool-suite-4-4.4.2.RELEASE/junit-5-basics"/>
    <property name="style.color" value="always"/>
    <property name="file.separator" value="/"/>
    <property name="line.separator" value="&#10;"/>
    <property name="java.vm.specification.vendor" value="Oracle Corporation"/>
    <property name="java.specification.name" value="Java Platform API Specification"/>
    <property name="java.awt.graphicsenv" value="sun.awt.CGraphicsEnvironment"/>
    <property name="surefire.real.class.path" value="/Users/kingahuksaha/Documents/workspace-spring-tool-suite-4-4.4.2.RELEASE/junit-5-basics/target/surefire/surefirebooter8428290283952089503.jar"/>
    <property name="sun.boot.class.path" value="/Library/Java/JavaVirtualMachines/jdk1.8.0_231.jdk/Contents/Home/jre/lib/resources.jar:/Library/Java/JavaVirtualMachines/jdk1.8.0_231.jdk/Contents/Home/jre/lib/rt.jar:/Library/Java/JavaVirtualMachines/jdk1.8.0_231.jdk/Contents/Home/jre/lib/sunrsasign.jar:/Library/Java/JavaVirtualMachines/jdk1.8.0_231.jdk/Contents/Home/jre/lib/jsse.jar:/Library/Java/JavaVirtualMachines/jdk1.8.0_231.jdk/Contents/Home/jre/lib/jce.jar:/Library/Java/JavaVirtualMachines/jdk1.8.0_231.jdk/Contents/Home/jre/lib/charsets.jar:/Library/Java/JavaVirtualMachines/jdk1.8.0_231.jdk/Contents/Home/jre/lib/jfr.jar:/Library/Java/JavaVirtualMachines/jdk1.8.0_231.jdk/Contents/Home/jre/classes"/>
    <property name="sun.management.compiler" value="HotSpot 64-Bit Tiered Compilers"/>
    <property name="ftp.nonProxyHosts" value="local|*.local|169.254/16|*.169.254/16"/>
    <property name="java.runtime.version" value="1.8.0_231-b11"/>
    <property name="user.name" value="kingahuksaha"/>
    <property name="path.separator" value=":"/>
    <property name="os.version" value="10.15.5"/>
    <property name="java.endorsed.dirs" value="/Library/Java/JavaVirtualMachines/jdk1.8.0_231.jdk/Contents/Home/jre/lib/endorsed"/>
    <property name="java.runtime.name" value="Java(TM) SE Runtime Environment"/>
    <property name="file.encoding" value="UTF-8"/>
    <property name="java.vm.name" value="Java HotSpot(TM) 64-Bit Server VM"/>
    <property name="localRepository" value="/Users/kingahuksaha/.m2/repository"/>
    <property name="java.vendor.url.bug" value="http://bugreport.sun.com/bugreport/"/>
    <property name="java.io.tmpdir" value="/var/folders/cb/k3t08zjd2klggxpmhmb6d5t40000gn/T/"/>
    <property name="java.version" value="1.8.0_231"/>
    <property name="user.dir" value="/Users/kingahuksaha/Documents/workspace-spring-tool-suite-4-4.4.2.RELEASE/junit-5-basics"/>
    <property name="os.arch" value="x86_64"/>
    <property name="java.vm.specification.name" value="Java Virtual Machine Specification"/>
    <property name="java.awt.printerjob" value="sun.lwawt.macosx.CPrinterJob"/>
    <property name="sun.os.patch.level" value="unknown"/>
    <property name="java.library.path" value="/Users/kingahuksaha/Library/Java/Extensions:/Library/Java/Extensions:/Network/Library/Java/Extensions:/System/Library/Java/Extensions:/usr/lib/java:."/>
    <property name="java.vm.info" value="mixed mode"/>
    <property name="java.vendor" value="Oracle Corporation"/>
    <property name="java.vm.version" value="25.231-b11"/>
    <property name="java.ext.dirs" value="/Users/kingahuksaha/Library/Java/Extensions:/Library/Java/JavaVirtualMachines/jdk1.8.0_231.jdk/Contents/Home/jre/lib/ext:/Library/Java/Extensions:/Network/Library/Java/Extensions:/System/Library/Java/Extensions:/usr/lib/java"/>
    <property name="sun.io.unicode.encoding" value="UnicodeBig"/>
    <property name="java.class.version" value="52.0"/>
    <property name="socksNonProxyHosts" value="local|*.local|169.254/16|*.169.254/16"/>
  </properties>
  <testcase name="testRem" classname="com.kingshuk.junit5.MathUtilsTest" time="0">
    <skipped message="Disabled on operating system: Mac OS X"/>
    <system-out><![CDATA[Starting all tests...
]]></system-out>
  </testcase>
  <testcase name="testCalculateCircleArea" classname="com.kingshuk.junit5.MathUtilsTest" time="0.014">
    <system-out><![CDATA[Starting a test...
Ending a test...
]]></system-out>
  </testcase>
  <testcase name="testDivide" classname="com.kingshuk.junit5.MathUtilsTest" time="0.002">
    <system-out><![CDATA[Starting a test...
Ending a test...
]]></system-out>
  </testcase>
  <testcase name="testMultiply(RepetitionInfo)[1]" classname="com.kingshuk.junit5.MathUtilsTest" time="0.003">
    <system-out><![CDATA[Starting a test...
Repeating:1
Ending a test...
]]></system-out>
  </testcase>
  <testcase name="testMultiply(RepetitionInfo)[2]" classname="com.kingshuk.junit5.MathUtilsTest" time="0.001">
    <system-out><![CDATA[Starting a test...
Repeating:2
Ending a test...
]]></system-out>
  </testcase>
  <testcase name="testMultiply(RepetitionInfo)[3]" classname="com.kingshuk.junit5.MathUtilsTest" time="0.001">
    <system-out><![CDATA[Starting a test...
Repeating:3
Ending a test...
]]></system-out>
  </testcase>
  <testcase name="testSubtraction" classname="com.kingshuk.junit5.MathUtilsTest" time="0">
    <skipped message="void com.kingshuk.junit5.MathUtilsTest.testSubtraction() is @Disabled"/>
  </testcase>
  <testcase name="testAddPositive" classname="com.kingshuk.junit5.MathUtilsTest$AddTest" time="0.002">
    <system-out><![CDATA[Starting a test...
Ending a test...
]]></system-out>
  </testcase>
  <testcase name="testAddNegetive" classname="com.kingshuk.junit5.MathUtilsTest$AddTest" time="0.001">
    <system-out><![CDATA[Starting a test...
Ending a test...
]]></system-out>
  </testcase>
</testsuite>